<?xml version="1.0" encoding="UTF-8"?>
<!-- Generated by org.testng.reporters.JUnitReportReporter -->
<testsuite hostname="DESKTOP-DP9G6K4" failures="0" tests="2" name="locators.NewTest8" time="5.592" errors="0" timestamp="2025-05-28T13:06:24 IST" skipped="0">
  <testcase classname="locators.NewTest8" name="selenium" time="1.928"/>
  <testcase classname="locators.NewTest8" name="facebook" time="3.664"/>
</testsuite> <!-- locators.NewTest8 -->
