<?xml version="1.0" encoding="UTF-8"?>
<!-- Generated by org.testng.reporters.JUnitReportReporter -->
<testsuite hostname="DESKTOP-DP9G6K4" failures="0" tests="2" name="locators.NewTest5" time="5.654" errors="0" timestamp="2025-05-28T13:09:18 IST" skipped="0">
  <testcase classname="locators.NewTest5" name="method1" time="0.530"/>
  <testcase classname="locators.NewTest5" name="method2" time="5.124"/>
</testsuite> <!-- locators.NewTest5 -->
