<?xml version="1.0" encoding="UTF-8"?>
<!-- Generated by org.testng.reporters.JUnitReportReporter -->
<testsuite hostname="DESKTOP-DP9G6K4" failures="0" tests="6" name="locators.NewTest7" time="21.487" errors="0" timestamp="2025-05-28T12:58:03 IST" skipped="0">
  <testcase classname="locators.NewTest7" name="method2" time="2.708"/>
  <testcase classname="locators.NewTest7" name="method2" time="4.437"/>
  <testcase classname="locators.NewTest7" name="method1" time="5.457"/>
  <testcase classname="locators.NewTest7" name="method2" time="2.813"/>
  <testcase classname="locators.NewTest7" name="method2" time="3.513"/>
  <testcase classname="locators.NewTest7" name="method2" time="2.559"/>
</testsuite> <!-- locators.NewTest7 -->
