<?xml version="1.0" encoding="UTF-8"?>
<!-- Generated by org.testng.reporters.JUnitReportReporter -->
<testsuite hostname="DESKTOP-DP9G6K4" failures="0" tests="5" name="locators.NewTest" time="14.997" errors="0" timestamp="2025-05-27T15:44:33 IST" skipped="0">
  <testcase classname="locators.NewTest" name="gmail" time="3.671"/>
  <testcase classname="locators.NewTest" name="google" time="1.850"/>
  <testcase classname="locators.NewTest" name="redmine" time="5.655"/>
  <testcase classname="locators.NewTest" name="facebook" time="2.291"/>
  <testcase classname="locators.NewTest" name="selenium" time="1.530"/>
</testsuite> <!-- locators.NewTest -->
