<?xml version="1.0" encoding="UTF-8"?>
<!-- Generated by org.testng.reporters.JUnitReportReporter -->
<testsuite hostname="DESKTOP-DP9G6K4" failures="0" tests="5" name="locators.NewTest2" time="26.960" errors="0" timestamp="2025-05-27T13:18:07 IST" skipped="0">
  <testcase classname="locators.NewTest2" name="facebook" time="3.683"/>
  <testcase classname="locators.NewTest2" name="selenium" time="2.378"/>
  <testcase classname="locators.NewTest2" name="redmine" time="8.896"/>
  <testcase classname="locators.NewTest2" name="google" time="1.713"/>
  <testcase classname="locators.NewTest2" name="gmail" time="10.290"/>
</testsuite> <!-- locators.NewTest2 -->
