<?xml version="1.0" encoding="UTF-8"?>
<!-- Generated by org.testng.reporters.JUnitReportReporter -->
<testsuite hostname="DESKTOP-DP9G6K4" failures="0" tests="5" name="locators.NewTest3" time="20.316" errors="0" timestamp="2025-05-27T13:45:09 IST" skipped="1">
  <testcase classname="locators.NewTest3" name="google" time="1.721"/>
  <testcase classname="locators.NewTest3" name="redmine" time="6.996"/>
  <testcase classname="locators.NewTest3" name="selenium" time="1.956"/>
  <testcase classname="locators.NewTest3" name="gmail" time="9.643"/>
  <testcase classname="locators.NewTest3" name="facebook">
    <skipped/>
  </testcase> <!-- facebook -->
</testsuite> <!-- locators.NewTest3 -->
